  [1m[35m (0.7ms)[0m  [1m[35m
	SET
NAMES utf8
,@@SESSION.sql_mode = CONCAT( CONCAT( @@sql_mode ,',STRICT_ALL_TABLES' ) ,',NO_AUTO_VALUE_ON_ZERO' )
,@@SESSION.sql_auto_is_null = 0
,@@SESSION.wait_timeout = 2147483[0m
  [1m[35m (0.5ms)[0m  [1m[35m
	CREATE
	DATABASE `app_development` DEFAULT CHARACTER
SET
	`utf8`[0m
  [1m[35m (0.5ms)[0m  [1m[35m
	SET
NAMES utf8
,@@SESSION.sql_mode = CONCAT( CONCAT( @@sql_mode ,',STRICT_ALL_TABLES' ) ,',NO_AUTO_VALUE_ON_ZERO' )
,@@SESSION.sql_auto_is_null = 0
,@@SESSION.wait_timeout = 2147483[0m
  [1m[35m (0.5ms)[0m  [1m[35m
	CREATE
	DATABASE `app_test` DEFAULT CHARACTER
SET
	`utf8`[0m
Started GET "/" for 172.23.0.1 at 2019-08-02 01:28:41 +0000
Cannot render console from 172.23.0.1! Allowed networks: 127.0.0.1, ::1, 127.0.0.0/127.255.255.255
  [1m[35m (0.6ms)[0m  [1m[35m
	SET
NAMES utf8
,@@SESSION.sql_mode = CONCAT( CONCAT( @@sql_mode ,',STRICT_ALL_TABLES' ) ,',NO_AUTO_VALUE_ON_ZERO' )
,@@SESSION.sql_auto_is_null = 0
,@@SESSION.wait_timeout = 2147483[0m
  
ActiveRecord::PendingMigrationError (

Migrations are pending. To resolve this issue, run:

        bin/rails db:migrate RAILS_ENV=development

):
  
activerecord (5.2.2) lib/active_record/migration.rb:579:in `check_pending!'
activerecord (5.2.2) lib/active_record/migration.rb:556:in `call'
actionpack (5.2.2) lib/action_dispatch/middleware/callbacks.rb:28:in `block in call'
activesupport (5.2.2) lib/active_support/callbacks.rb:98:in `run_callbacks'
actionpack (5.2.2) lib/action_dispatch/middleware/callbacks.rb:26:in `call'
actionpack (5.2.2) lib/action_dispatch/middleware/executor.rb:14:in `call'
actionpack (5.2.2) lib/action_dispatch/middleware/debug_exceptions.rb:61:in `call'
web-console (3.7.0) lib/web_console/middleware.rb:135:in `call_app'
web-console (3.7.0) lib/web_console/middleware.rb:22:in `block in call'
web-console (3.7.0) lib/web_console/middleware.rb:20:in `catch'
web-console (3.7.0) lib/web_console/middleware.rb:20:in `call'
actionpack (5.2.2) lib/action_dispatch/middleware/show_exceptions.rb:33:in `call'
railties (5.2.2) lib/rails/rack/logger.rb:38:in `call_app'
railties (5.2.2) lib/rails/rack/logger.rb:26:in `block in call'
activesupport (5.2.2) lib/active_support/tagged_logging.rb:71:in `block in tagged'
activesupport (5.2.2) lib/active_support/tagged_logging.rb:28:in `tagged'
activesupport (5.2.2) lib/active_support/tagged_logging.rb:71:in `tagged'
railties (5.2.2) lib/rails/rack/logger.rb:26:in `call'
sprockets-rails (3.2.1) lib/sprockets/rails/quiet_assets.rb:13:in `call'
actionpack (5.2.2) lib/action_dispatch/middleware/remote_ip.rb:81:in `call'
actionpack (5.2.2) lib/action_dispatch/middleware/request_id.rb:27:in `call'
rack (2.0.7) lib/rack/method_override.rb:22:in `call'
rack (2.0.7) lib/rack/runtime.rb:22:in `call'
activesupport (5.2.2) lib/active_support/cache/strategy/local_cache_middleware.rb:29:in `call'
actionpack (5.2.2) lib/action_dispatch/middleware/executor.rb:14:in `call'
actionpack (5.2.2) lib/action_dispatch/middleware/static.rb:127:in `call'
rack (2.0.7) lib/rack/sendfile.rb:111:in `call'
railties (5.2.2) lib/rails/engine.rb:524:in `call'
puma (3.12.0) lib/puma/configuration.rb:225:in `call'
puma (3.12.0) lib/puma/server.rb:658:in `handle_request'
puma (3.12.0) lib/puma/server.rb:472:in `process_client'
puma (3.12.0) lib/puma/server.rb:332:in `block in run'
puma (3.12.0) lib/puma/thread_pool.rb:133:in `block in spawn_thread'
  [1m[35m (0.6ms)[0m  [1m[35m
	SET
NAMES utf8
,@@SESSION.sql_mode = CONCAT( CONCAT( @@sql_mode ,',STRICT_ALL_TABLES' ) ,',NO_AUTO_VALUE_ON_ZERO' )
,@@SESSION.sql_auto_is_null = 0
,@@SESSION.wait_timeout = 2147483[0m
  [1m[35m (17.1ms)[0m  [1m[35m
	CREATE
	TABLE
		`schema_migrations` (
			`version` VARCHAR (255) NOT NULL PRIMARY KEY
		)[0m
  [1m[35m (12.3ms)[0m  [1m[35m
	CREATE
	TABLE
		`ar_internal_metadata` (
			`key` VARCHAR (255) NOT NULL PRIMARY KEY
			,`value` VARCHAR (255)
			,`created_at` datetime NOT NULL
			,`updated_at` datetime NOT NULL
		)[0m
  [1m[35m (0.6ms)[0m  [1m[34m
	SELECT
		GET_LOCK (
			'5277929974492897470'
			,0
		)[0m
  [1m[35m (0.6ms)[0m  [1m[34m
	SELECT
		`schema_migrations`.`version`
	FROM
		`schema_migrations`
	ORDER BY
		`schema_migrations`.`version` ASC[0m
Migrating to CreateBoards (20181108203446)
  [1m[35m (10.4ms)[0m  [1m[35m
	CREATE
	TABLE
		`boards` (
			`id` INT NOT NULL AUTO_INCREMENT PRIMARY KEY
			,`name` VARCHAR (255)
			,`title` VARCHAR (255)
			,`body` text
			,`created_at` datetime NOT NULL
			,`updated_at` datetime NOT NULL
		) ENGINE = InnoDB[0m
  [1m[35m (0.4ms)[0m  [1m[35m
	BEGIN[0m
  [1m[36mActiveRecord::SchemaMigration Create (0.4ms)[0m  [1m[32m
	INSERT
	INTO
		`schema_migrations` (`version`)
	VALUES ('20181108203446')[0m
  [1m[35m (2.8ms)[0m  [1m[35m
	COMMIT[0m
Migrating to CreateComments (20181114201609)
  [1m[35m (10.9ms)[0m  [1m[35m
	CREATE
	TABLE
		`comments` (
			`id` INT NOT NULL AUTO_INCREMENT PRIMARY KEY
			,`board_id` INT
			,`name` VARCHAR (255) NOT NULL
			,`comment` text NOT NULL
			,`created_at` datetime NOT NULL
			,`updated_at` datetime NOT NULL
			,INDEX `index_comments_on_board_id` (`board_id`)
			,CONSTRAINT `fk_rails_9510ce0f70` FOREIGN KEY (`board_id`) REFERENCES `boards` (`id`)
		) ENGINE = InnoDB[0m
  [1m[35m (0.4ms)[0m  [1m[35m
	BEGIN[0m
  [1m[36mActiveRecord::SchemaMigration Create (0.4ms)[0m  [1m[32m
	INSERT
	INTO
		`schema_migrations` (`version`)
	VALUES ('20181114201609')[0m
  [1m[35m (1.0ms)[0m  [1m[35m
	COMMIT[0m
Migrating to CreateTags (20181118002926)
  [1m[35m (11.5ms)[0m  [1m[35m
	CREATE
	TABLE
		`tags` (
			`id` INT NOT NULL AUTO_INCREMENT PRIMARY KEY
			,`name` VARCHAR (255) NOT NULL
			,`created_at` datetime NOT NULL
			,`updated_at` datetime NOT NULL
		) ENGINE = InnoDB[0m
  [1m[35m (0.4ms)[0m  [1m[35m
	BEGIN[0m
  [1m[36mActiveRecord::SchemaMigration Create (0.5ms)[0m  [1m[32m
	INSERT
	INTO
		`schema_migrations` (`version`)
	VALUES ('20181118002926')[0m
  [1m[35m (2.5ms)[0m  [1m[35m
	COMMIT[0m
Migrating to CreateBoardTagRelations (20181118003059)
  [1m[35m (16.7ms)[0m  [1m[35m
	CREATE
	TABLE
		`board_tag_relations` (
			`id` INT NOT NULL AUTO_INCREMENT PRIMARY KEY
			,`board_id` INT
			,`tag_id` INT
			,`created_at` datetime NOT NULL
			,`updated_at` datetime NOT NULL
			,INDEX `index_board_tag_relations_on_board_id` (`board_id`)
			,INDEX `index_board_tag_relations_on_tag_id` (`tag_id`)
			,CONSTRAINT `fk_rails_1eb07359f9` FOREIGN KEY (`board_id`) REFERENCES `boards` (`id`)
			,CONSTRAINT `fk_rails_88d29ca25f` FOREIGN KEY (`tag_id`) REFERENCES `tags` (`id`)
		) ENGINE = InnoDB[0m
  [1m[35m (0.4ms)[0m  [1m[35m
	BEGIN[0m
  [1m[36mActiveRecord::SchemaMigration Create (0.5ms)[0m  [1m[32m
	INSERT
	INTO
		`schema_migrations` (`version`)
	VALUES ('20181118003059')[0m
  [1m[35m (2.9ms)[0m  [1m[35m
	COMMIT[0m
Migrating to CreateUsers (20181118015434)
  [1m[35m (13.4ms)[0m  [1m[35m
	CREATE
	TABLE
		`users` (
			`id` INT NOT NULL AUTO_INCREMENT PRIMARY KEY
			,`name` VARCHAR (255) NOT NULL
			,`password_digest` VARCHAR (255) NOT NULL
			,`created_at` datetime NOT NULL
			,`updated_at` datetime NOT NULL
		) ENGINE = InnoDB[0m
  [1m[35m (10.5ms)[0m  [1m[35m
	CREATE
	UNIQUE INDEX `index_users_on_name`
		ON `users` (`name`)[0m
  [1m[35m (0.8ms)[0m  [1m[35m
	BEGIN[0m
  [1m[36mActiveRecord::SchemaMigration Create (0.3ms)[0m  [1m[32m
	INSERT
	INTO
		`schema_migrations` (`version`)
	VALUES ('20181118015434')[0m
  [1m[35m (1.9ms)[0m  [1m[35m
	COMMIT[0m
  [1m[36mActiveRecord::InternalMetadata Load (0.5ms)[0m  [1m[34m
	SELECT
		`ar_internal_metadata`. *
	FROM
		`ar_internal_metadata`
	WHERE
		`ar_internal_metadata`.`key` = 'environment' LIMIT 1[0m
  [1m[35m (0.3ms)[0m  [1m[35m
	BEGIN[0m
  [1m[36mActiveRecord::InternalMetadata Create (0.4ms)[0m  [1m[32m
	INSERT
	INTO
		`ar_internal_metadata` (
			`key`
			,`value`
			,`created_at`
			,`updated_at`
		)
	VALUES (
		'environment'
		,'development'
		,'2019-08-02 01:29:58'
		,'2019-08-02 01:29:58'
	)[0m
  [1m[35m (3.0ms)[0m  [1m[35m
	COMMIT[0m
  [1m[35m (0.3ms)[0m  [1m[34m
	SELECT
		RELEASE_LOCK ('5277929974492897470')[0m
  [1m[35m (0.6ms)[0m  [1m[34m
	SELECT
		`schema_migrations`.`version`
	FROM
		`schema_migrations`
	ORDER BY
		`schema_migrations`.`version` ASC[0m
  [1m[35m (0.5ms)[0m  [1m[34m
	SELECT
		`schema_migrations`.`version`
	FROM
		`schema_migrations`
	ORDER BY
		`schema_migrations`.`version` ASC[0m
Started GET "/" for 172.23.0.1 at 2019-08-02 01:30:17 +0000
Cannot render console from 172.23.0.1! Allowed networks: 127.0.0.1, ::1, 127.0.0.0/127.255.255.255
  [1m[35m (0.6ms)[0m  [1m[34m
	SELECT
		`schema_migrations`.`version`
	FROM
		`schema_migrations`
	ORDER BY
		`schema_migrations`.`version` ASC[0m
Processing by HomeController#index as HTML
  Rendering home/index.html.erb within layouts/application
  Rendered users/_login_form.html.erb (39.1ms)
  Rendered home/index.html.erb within layouts/application (55.8ms)
  Rendered application/_header.html.erb (1.2ms)
Completed 200 OK in 9918ms (Views: 9896.8ms | ActiveRecord: 0.0ms)


Started GET "/" for 172.23.0.1 at 2019-08-02 01:30:54 +0000
Cannot render console from 172.23.0.1! Allowed networks: 127.0.0.1, ::1, 127.0.0.0/127.255.255.255
Processing by HomeController#index as HTML
  Rendering home/index.html.erb within layouts/application
  Rendered users/_login_form.html.erb (1.7ms)
  Rendered home/index.html.erb within layouts/application (34.5ms)
  Rendered application/_header.html.erb (1.0ms)
Completed 200 OK in 385ms (Views: 357.9ms | ActiveRecord: 0.0ms)


  [1m[35m (0.7ms)[0m  [1m[35m
	SET
NAMES utf8
,@@SESSION.sql_mode = CONCAT( CONCAT( @@sql_mode ,',STRICT_ALL_TABLES' ) ,',NO_AUTO_VALUE_ON_ZERO' )
,@@SESSION.sql_auto_is_null = 0
,@@SESSION.wait_timeout = 2147483[0m
  [1m[35m (0.8ms)[0m  [1m[35m
	CREATE
	DATABASE `app_development` DEFAULT CHARACTER
SET
	`utf8`[0m
  [1m[35m (0.5ms)[0m  [1m[35m
	SET
NAMES utf8
,@@SESSION.sql_mode = CONCAT( CONCAT( @@sql_mode ,',STRICT_ALL_TABLES' ) ,',NO_AUTO_VALUE_ON_ZERO' )
,@@SESSION.sql_auto_is_null = 0
,@@SESSION.wait_timeout = 2147483[0m
  [1m[35m (0.7ms)[0m  [1m[35m
	CREATE
	DATABASE `app_test` DEFAULT CHARACTER
SET
	`utf8`[0m
Started GET "/" for 172.23.0.1 at 2019-08-05 00:14:39 +0000
Cannot render console from 172.23.0.1! Allowed networks: 127.0.0.1, ::1, 127.0.0.0/127.255.255.255
  [1m[35m (1.2ms)[0m  [1m[35m
	SET
NAMES utf8
,@@SESSION.sql_mode = CONCAT( CONCAT( @@sql_mode ,',STRICT_ALL_TABLES' ) ,',NO_AUTO_VALUE_ON_ZERO' )
,@@SESSION.sql_auto_is_null = 0
,@@SESSION.wait_timeout = 2147483[0m
  [1m[35m (0.6ms)[0m  [1m[34m
	SELECT
		`schema_migrations`.`version`
	FROM
		`schema_migrations`
	ORDER BY
		`schema_migrations`.`version` ASC[0m
  
ActiveRecord::PendingMigrationError (

Migrations are pending. To resolve this issue, run:

        bin/rails db:migrate RAILS_ENV=development

):
  
activerecord (5.2.2) lib/active_record/migration.rb:579:in `check_pending!'
activerecord (5.2.2) lib/active_record/migration.rb:556:in `call'
actionpack (5.2.2) lib/action_dispatch/middleware/callbacks.rb:28:in `block in call'
activesupport (5.2.2) lib/active_support/callbacks.rb:98:in `run_callbacks'
actionpack (5.2.2) lib/action_dispatch/middleware/callbacks.rb:26:in `call'
actionpack (5.2.2) lib/action_dispatch/middleware/executor.rb:14:in `call'
actionpack (5.2.2) lib/action_dispatch/middleware/debug_exceptions.rb:61:in `call'
web-console (3.7.0) lib/web_console/middleware.rb:135:in `call_app'
web-console (3.7.0) lib/web_console/middleware.rb:22:in `block in call'
web-console (3.7.0) lib/web_console/middleware.rb:20:in `catch'
web-console (3.7.0) lib/web_console/middleware.rb:20:in `call'
actionpack (5.2.2) lib/action_dispatch/middleware/show_exceptions.rb:33:in `call'
railties (5.2.2) lib/rails/rack/logger.rb:38:in `call_app'
railties (5.2.2) lib/rails/rack/logger.rb:26:in `block in call'
activesupport (5.2.2) lib/active_support/tagged_logging.rb:71:in `block in tagged'
activesupport (5.2.2) lib/active_support/tagged_logging.rb:28:in `tagged'
activesupport (5.2.2) lib/active_support/tagged_logging.rb:71:in `tagged'
railties (5.2.2) lib/rails/rack/logger.rb:26:in `call'
sprockets-rails (3.2.1) lib/sprockets/rails/quiet_assets.rb:13:in `call'
actionpack (5.2.2) lib/action_dispatch/middleware/remote_ip.rb:81:in `call'
actionpack (5.2.2) lib/action_dispatch/middleware/request_id.rb:27:in `call'
rack (2.0.7) lib/rack/method_override.rb:22:in `call'
rack (2.0.7) lib/rack/runtime.rb:22:in `call'
activesupport (5.2.2) lib/active_support/cache/strategy/local_cache_middleware.rb:29:in `call'
actionpack (5.2.2) lib/action_dispatch/middleware/executor.rb:14:in `call'
actionpack (5.2.2) lib/action_dispatch/middleware/static.rb:127:in `call'
rack (2.0.7) lib/rack/sendfile.rb:111:in `call'
railties (5.2.2) lib/rails/engine.rb:524:in `call'
puma (3.12.0) lib/puma/configuration.rb:225:in `call'
puma (3.12.0) lib/puma/server.rb:658:in `handle_request'
puma (3.12.0) lib/puma/server.rb:472:in `process_client'
puma (3.12.0) lib/puma/server.rb:332:in `block in run'
puma (3.12.0) lib/puma/thread_pool.rb:133:in `block in spawn_thread'
  [1m[35m (0.5ms)[0m  [1m[35m
	SET
NAMES utf8
,@@SESSION.sql_mode = CONCAT( CONCAT( @@sql_mode ,',STRICT_ALL_TABLES' ) ,',NO_AUTO_VALUE_ON_ZERO' )
,@@SESSION.sql_auto_is_null = 0
,@@SESSION.wait_timeout = 2147483[0m
  [1m[35m (0.5ms)[0m  [1m[34m
	SELECT
		GET_LOCK (
			'5277929974492897470'
			,0
		)[0m
  [1m[35m (0.7ms)[0m  [1m[34m
	SELECT
		`schema_migrations`.`version`
	FROM
		`schema_migrations`
	ORDER BY
		`schema_migrations`.`version` ASC[0m
Migrating to AddBirthdayToUser (20190803014636)
  [1m[35m (28.6ms)[0m  [1m[35m
	ALTER TABLE
	`users` ADD `birthday` DATE[0m
  [1m[35m (1.0ms)[0m  [1m[35m
	BEGIN[0m
  [1m[36mActiveRecord::SchemaMigration Create (1.0ms)[0m  [1m[32m
	INSERT
	INTO
		`schema_migrations` (`version`)
	VALUES ('20190803014636')[0m
  [1m[35m (2.3ms)[0m  [1m[35m
	COMMIT[0m
  [1m[36mActiveRecord::InternalMetadata Load (0.8ms)[0m  [1m[34m
	SELECT
		`ar_internal_metadata`. *
	FROM
		`ar_internal_metadata`
	WHERE
		`ar_internal_metadata`.`key` = 'environment' LIMIT 1[0m
  [1m[35m (0.4ms)[0m  [1m[35m
	BEGIN[0m
  [1m[35m (0.5ms)[0m  [1m[35m
	COMMIT[0m
  [1m[35m (0.5ms)[0m  [1m[34m
	SELECT
		RELEASE_LOCK ('5277929974492897470')[0m
  [1m[35m (1.6ms)[0m  [1m[34m
	SELECT
		`schema_migrations`.`version`
	FROM
		`schema_migrations`
	ORDER BY
		`schema_migrations`.`version` ASC[0m
  [1m[35m (0.7ms)[0m  [1m[34m
	SELECT
		`schema_migrations`.`version`
	FROM
		`schema_migrations`
	ORDER BY
		`schema_migrations`.`version` ASC[0m
Started GET "/" for 172.23.0.1 at 2019-08-05 00:15:16 +0000
Cannot render console from 172.23.0.1! Allowed networks: 127.0.0.1, ::1, 127.0.0.0/127.255.255.255
  [1m[35m (1.0ms)[0m  [1m[34m
	SELECT
		`schema_migrations`.`version`
	FROM
		`schema_migrations`
	ORDER BY
		`schema_migrations`.`version` ASC[0m
Processing by HomeController#index as HTML
  Rendering home/index.html.erb within layouts/application
  Rendered users/_login_form.html.erb (17.5ms)
  Rendered home/index.html.erb within layouts/application (38.3ms)
  Rendered application/_header.html.erb (1.0ms)
Completed 200 OK in 4159ms (Views: 4133.0ms | ActiveRecord: 0.0ms)


Started GET "/" for 172.23.0.1 at 2019-08-05 01:06:44 +0000
Cannot render console from 172.23.0.1! Allowed networks: 127.0.0.1, ::1, 127.0.0.0/127.255.255.255
  [1m[35m (1.7ms)[0m  [1m[35m
	SET
NAMES utf8
,@@SESSION.sql_mode = CONCAT( CONCAT( @@sql_mode ,',STRICT_ALL_TABLES' ) ,',NO_AUTO_VALUE_ON_ZERO' )
,@@SESSION.sql_auto_is_null = 0
,@@SESSION.wait_timeout = 2147483[0m
  [1m[35m (0.9ms)[0m  [1m[34m
	SELECT
		`schema_migrations`.`version`
	FROM
		`schema_migrations`
	ORDER BY
		`schema_migrations`.`version` ASC[0m
Processing by HomeController#index as HTML
  Rendering home/index.html.erb within layouts/application
  Rendered users/_login_form.html.erb (13.4ms)
  Rendered home/index.html.erb within layouts/application (39.3ms)
  Rendered application/_header.html.erb (1.0ms)
Completed 200 OK in 1753ms (Views: 1727.6ms | ActiveRecord: 0.0ms)


Started GET "/" for 172.23.0.1 at 2019-08-05 01:06:46 +0000
Cannot render console from 172.23.0.1! Allowed networks: 127.0.0.1, ::1, 127.0.0.0/127.255.255.255
Processing by HomeController#index as HTML
  Rendering home/index.html.erb within layouts/application
  Rendered users/_login_form.html.erb (1.4ms)
  Rendered home/index.html.erb within layouts/application (20.4ms)
  Rendered application/_header.html.erb (1.0ms)
Completed 200 OK in 446ms (Views: 422.2ms | ActiveRecord: 0.0ms)


Started GET "/" for 172.23.0.1 at 2019-08-05 01:06:48 +0000
Cannot render console from 172.23.0.1! Allowed networks: 127.0.0.1, ::1, 127.0.0.0/127.255.255.255
Processing by HomeController#index as HTML
  Rendering home/index.html.erb within layouts/application
  Rendered users/_login_form.html.erb (1.5ms)
  Rendered home/index.html.erb within layouts/application (22.4ms)
  Rendered application/_header.html.erb (1.8ms)
Completed 200 OK in 485ms (Views: 463.3ms | ActiveRecord: 0.0ms)


Started GET "/boards" for 172.23.0.1 at 2019-08-05 01:06:50 +0000
Cannot render console from 172.23.0.1! Allowed networks: 127.0.0.1, ::1, 127.0.0.0/127.255.255.255
Processing by BoardsController#index as HTML
  Rendering boards/index.html.erb within layouts/application
  [1m[36mTag Load (1.5ms)[0m  [1m[34m
	SELECT
		`tags`. *
	FROM
		`tags`[0m
  [1m[36mBoard Load (1.2ms)[0m  [1m[34m
	SELECT
		`boards`. *
	FROM
		`boards` LIMIT 10 OFFSET 0[0m
  Rendered boards/index.html.erb within layouts/application (63.6ms)
  Rendered application/_header.html.erb (1.0ms)
Completed 200 OK in 540ms (Views: 453.6ms | ActiveRecord: 4.6ms)


Started GET "/" for 172.23.0.1 at 2019-08-05 01:06:53 +0000
Cannot render console from 172.23.0.1! Allowed networks: 127.0.0.1, ::1, 127.0.0.0/127.255.255.255
Processing by HomeController#index as HTML
  Rendering home/index.html.erb within layouts/application
  Rendered users/_login_form.html.erb (1.5ms)
  Rendered home/index.html.erb within layouts/application (19.3ms)
  Rendered application/_header.html.erb (2.2ms)
Completed 200 OK in 379ms (Views: 352.8ms | ActiveRecord: 0.0ms)


Started GET "/" for 172.23.0.1 at 2019-08-05 01:06:53 +0000
Cannot render console from 172.23.0.1! Allowed networks: 127.0.0.1, ::1, 127.0.0.0/127.255.255.255
Processing by HomeController#index as HTML
  Rendering home/index.html.erb within layouts/application
  Rendered users/_login_form.html.erb (1.3ms)
  Rendered home/index.html.erb within layouts/application (21.6ms)
  Rendered application/_header.html.erb (1.0ms)
Completed 200 OK in 463ms (Views: 435.8ms | ActiveRecord: 0.0ms)


Started GET "/" for 172.23.0.1 at 2019-08-05 03:42:58 +0000
Cannot render console from 172.23.0.1! Allowed networks: 127.0.0.1, ::1, 127.0.0.0/127.255.255.255
  [1m[35m (0.6ms)[0m  [1m[35m
	SET
NAMES utf8
,@@SESSION.sql_mode = CONCAT( CONCAT( @@sql_mode ,',STRICT_ALL_TABLES' ) ,',NO_AUTO_VALUE_ON_ZERO' )
,@@SESSION.sql_auto_is_null = 0
,@@SESSION.wait_timeout = 2147483[0m
  [1m[35m (0.8ms)[0m  [1m[34m
	SELECT
		`schema_migrations`.`version`
	FROM
		`schema_migrations`
	ORDER BY
		`schema_migrations`.`version` ASC[0m
Processing by HomeController#index as HTML
  Rendering home/index.html.erb within layouts/application
  Rendered users/_login_form.html.erb (19.2ms)
  Rendered home/index.html.erb within layouts/application (62.8ms)
  Rendered application/_header.html.erb (1.1ms)
Completed 200 OK in 2172ms (Views: 2149.3ms | ActiveRecord: 0.0ms)


Started GET "/" for 172.23.0.1 at 2019-08-05 03:43:03 +0000
Cannot render console from 172.23.0.1! Allowed networks: 127.0.0.1, ::1, 127.0.0.0/127.255.255.255
Processing by HomeController#index as HTML
  Rendering home/index.html.erb within layouts/application
  Rendered users/_login_form.html.erb (1.6ms)
  Rendered home/index.html.erb within layouts/application (18.5ms)
  Rendered application/_header.html.erb (1.5ms)
Completed 200 OK in 411ms (Views: 388.9ms | ActiveRecord: 0.0ms)


Started GET "/" for 172.23.0.1 at 2019-08-05 03:43:04 +0000
Cannot render console from 172.23.0.1! Allowed networks: 127.0.0.1, ::1, 127.0.0.0/127.255.255.255
Processing by HomeController#index as HTML
  Rendering home/index.html.erb within layouts/application
  Rendered users/_login_form.html.erb (1.3ms)
  Rendered home/index.html.erb within layouts/application (21.3ms)
  Rendered application/_header.html.erb (1.2ms)
Completed 200 OK in 414ms (Views: 387.8ms | ActiveRecord: 0.0ms)


Started GET "/" for 172.23.0.1 at 2019-08-05 03:43:04 +0000
Cannot render console from 172.23.0.1! Allowed networks: 127.0.0.1, ::1, 127.0.0.0/127.255.255.255
Processing by HomeController#index as HTML
  Rendering home/index.html.erb within layouts/application
  Rendered users/_login_form.html.erb (1.5ms)
  Rendered home/index.html.erb within layouts/application (20.8ms)
  Rendered application/_header.html.erb (1.0ms)
Completed 200 OK in 443ms (Views: 414.5ms | ActiveRecord: 0.0ms)


Started GET "/boards" for 172.23.0.1 at 2019-08-05 03:43:05 +0000
Cannot render console from 172.23.0.1! Allowed networks: 127.0.0.1, ::1, 127.0.0.0/127.255.255.255
Processing by BoardsController#index as HTML
  Rendering boards/index.html.erb within layouts/application
  [1m[36mTag Load (1.2ms)[0m  [1m[34m
	SELECT
		`tags`. *
	FROM
		`tags`[0m
  [1m[36mBoard Load (1.1ms)[0m  [1m[34m
	SELECT
		`boards`. *
	FROM
		`boards` LIMIT 10 OFFSET 0[0m
  Rendered boards/index.html.erb within layouts/application (68.4ms)
  Rendered application/_header.html.erb (1.0ms)
Completed 200 OK in 639ms (Views: 564.3ms | ActiveRecord: 3.9ms)


Started GET "/" for 172.23.0.1 at 2019-08-05 03:43:08 +0000
Cannot render console from 172.23.0.1! Allowed networks: 127.0.0.1, ::1, 127.0.0.0/127.255.255.255
Processing by HomeController#index as HTML
  Rendering home/index.html.erb within layouts/application
  Rendered users/_login_form.html.erb (1.4ms)
  Rendered home/index.html.erb within layouts/application (18.1ms)
  Rendered application/_header.html.erb (1.0ms)
Completed 200 OK in 390ms (Views: 366.9ms | ActiveRecord: 0.0ms)


  [1m[35m (0.9ms)[0m  [1m[35m
	SET
NAMES utf8
,@@SESSION.sql_mode = CONCAT( CONCAT( @@sql_mode ,',STRICT_ALL_TABLES' ) ,',NO_AUTO_VALUE_ON_ZERO' )
,@@SESSION.sql_auto_is_null = 0
,@@SESSION.wait_timeout = 2147483[0m
  [1m[35m (0.6ms)[0m  [1m[35m
	CREATE
	DATABASE `app_development` DEFAULT CHARACTER
SET
	`utf8`[0m
  [1m[35m (0.4ms)[0m  [1m[35m
	SET
NAMES utf8
,@@SESSION.sql_mode = CONCAT( CONCAT( @@sql_mode ,',STRICT_ALL_TABLES' ) ,',NO_AUTO_VALUE_ON_ZERO' )
,@@SESSION.sql_auto_is_null = 0
,@@SESSION.wait_timeout = 2147483[0m
  [1m[35m (0.6ms)[0m  [1m[35m
	CREATE
	DATABASE `app_test` DEFAULT CHARACTER
SET
	`utf8`[0m
  [1m[35m (0.7ms)[0m  [1m[35m
	SET
NAMES utf8
,@@SESSION.sql_mode = CONCAT( CONCAT( @@sql_mode ,',STRICT_ALL_TABLES' ) ,',NO_AUTO_VALUE_ON_ZERO' )
,@@SESSION.sql_auto_is_null = 0
,@@SESSION.wait_timeout = 2147483[0m
  [1m[35m (0.5ms)[0m  [1m[34m
	SELECT
		GET_LOCK (
			'5277929974492897470'
			,0
		)[0m
  [1m[35m (0.6ms)[0m  [1m[34m
	SELECT
		`schema_migrations`.`version`
	FROM
		`schema_migrations`
	ORDER BY
		`schema_migrations`.`version` ASC[0m
  [1m[36mActiveRecord::InternalMetadata Load (4.0ms)[0m  [1m[34m
	SELECT
		`ar_internal_metadata`. *
	FROM
		`ar_internal_metadata`
	WHERE
		`ar_internal_metadata`.`key` = 'environment' LIMIT 1[0m
  [1m[35m (0.4ms)[0m  [1m[35m
	BEGIN[0m
  [1m[35m (0.4ms)[0m  [1m[35m
	COMMIT[0m
  [1m[35m (0.4ms)[0m  [1m[34m
	SELECT
		RELEASE_LOCK ('5277929974492897470')[0m
  [1m[35m (0.7ms)[0m  [1m[34m
	SELECT
		`schema_migrations`.`version`
	FROM
		`schema_migrations`
	ORDER BY
		`schema_migrations`.`version` ASC[0m
  [1m[35m (0.7ms)[0m  [1m[34m
	SELECT
		`schema_migrations`.`version`
	FROM
		`schema_migrations`
	ORDER BY
		`schema_migrations`.`version` ASC[0m
Started GET "/" for 172.23.0.1 at 2019-08-06 06:25:51 +0000
Cannot render console from 172.23.0.1! Allowed networks: 127.0.0.1, ::1, 127.0.0.0/127.255.255.255
  [1m[35m (1.2ms)[0m  [1m[35m
	SET
NAMES utf8
,@@SESSION.sql_mode = CONCAT( CONCAT( @@sql_mode ,',STRICT_ALL_TABLES' ) ,',NO_AUTO_VALUE_ON_ZERO' )
,@@SESSION.sql_auto_is_null = 0
,@@SESSION.wait_timeout = 2147483[0m
  [1m[35m (0.6ms)[0m  [1m[34m
	SELECT
		`schema_migrations`.`version`
	FROM
		`schema_migrations`
	ORDER BY
		`schema_migrations`.`version` ASC[0m
Processing by HomeController#index as HTML
  Rendering home/index.html.erb within layouts/application
  Rendered users/_login_form.html.erb (14.2ms)
  Rendered home/index.html.erb within layouts/application (40.4ms)
  Rendered application/_header.html.erb (1.3ms)
Completed 200 OK in 5077ms (Views: 5036.3ms | ActiveRecord: 0.0ms)


Started GET "/" for 172.23.0.1 at 2019-08-06 06:25:59 +0000
Cannot render console from 172.23.0.1! Allowed networks: 127.0.0.1, ::1, 127.0.0.0/127.255.255.255
Processing by HomeController#index as HTML
  Rendering home/index.html.erb within layouts/application
  Rendered users/_login_form.html.erb (1.3ms)
  Rendered home/index.html.erb within layouts/application (24.3ms)
  Rendered application/_header.html.erb (1.2ms)
Completed 200 OK in 586ms (Views: 556.3ms | ActiveRecord: 0.0ms)


Started GET "/boards" for 172.23.0.1 at 2019-08-06 06:25:59 +0000
Cannot render console from 172.23.0.1! Allowed networks: 127.0.0.1, ::1, 127.0.0.0/127.255.255.255
Processing by BoardsController#index as HTML
  Rendering boards/index.html.erb within layouts/application
  [1m[36mTag Load (0.7ms)[0m  [1m[34m
	SELECT
		`tags`. *
	FROM
		`tags`[0m
  [1m[36mBoard Load (0.6ms)[0m  [1m[34m
	SELECT
		`boards`. *
	FROM
		`boards` LIMIT 10 OFFSET 0[0m
  Rendered boards/index.html.erb within layouts/application (66.9ms)
  Rendered application/_header.html.erb (1.1ms)
Completed 200 OK in 520ms (Views: 443.8ms | ActiveRecord: 2.9ms)


Started GET "/" for 172.23.0.1 at 2019-08-06 06:26:02 +0000
Cannot render console from 172.23.0.1! Allowed networks: 127.0.0.1, ::1, 127.0.0.0/127.255.255.255
Processing by HomeController#index as HTML
  Rendering home/index.html.erb within layouts/application
  Rendered users/_login_form.html.erb (1.3ms)
  Rendered home/index.html.erb within layouts/application (18.5ms)
  Rendered application/_header.html.erb (1.0ms)
Completed 200 OK in 452ms (Views: 427.1ms | ActiveRecord: 0.0ms)


Started GET "/boards" for 172.23.0.1 at 2019-08-06 06:26:04 +0000
Cannot render console from 172.23.0.1! Allowed networks: 127.0.0.1, ::1, 127.0.0.0/127.255.255.255
Processing by BoardsController#index as HTML
  Rendering boards/index.html.erb within layouts/application
  [1m[36mTag Load (0.7ms)[0m  [1m[34m
	SELECT
		`tags`. *
	FROM
		`tags`[0m
  [1m[36mBoard Load (0.6ms)[0m  [1m[34m
	SELECT
		`boards`. *
	FROM
		`boards` LIMIT 10 OFFSET 0[0m
  Rendered boards/index.html.erb within layouts/application (32.4ms)
  Rendered application/_header.html.erb (1.0ms)
Completed 200 OK in 510ms (Views: 483.5ms | ActiveRecord: 1.3ms)


  [1m[35m (0.7ms)[0m  [1m[35m
	SET
NAMES utf8
,@@SESSION.sql_mode = CONCAT( CONCAT( @@sql_mode ,',STRICT_ALL_TABLES' ) ,',NO_AUTO_VALUE_ON_ZERO' )
,@@SESSION.sql_auto_is_null = 0
,@@SESSION.wait_timeout = 2147483[0m
  [1m[35m (0.8ms)[0m  [1m[35m
	CREATE
	DATABASE `app_development` DEFAULT CHARACTER
SET
	`utf8`[0m
  [1m[35m (1.6ms)[0m  [1m[35m
	SET
NAMES utf8
,@@SESSION.sql_mode = CONCAT( CONCAT( @@sql_mode ,',STRICT_ALL_TABLES' ) ,',NO_AUTO_VALUE_ON_ZERO' )
,@@SESSION.sql_auto_is_null = 0
,@@SESSION.wait_timeout = 2147483[0m
  [1m[35m (0.7ms)[0m  [1m[35m
	CREATE
	DATABASE `app_test` DEFAULT CHARACTER
SET
	`utf8`[0m
  [1m[35m (0.7ms)[0m  [1m[35m
	SET
NAMES utf8
,@@SESSION.sql_mode = CONCAT( CONCAT( @@sql_mode ,',STRICT_ALL_TABLES' ) ,',NO_AUTO_VALUE_ON_ZERO' )
,@@SESSION.sql_auto_is_null = 0
,@@SESSION.wait_timeout = 2147483[0m
  [1m[35m (0.5ms)[0m  [1m[34m
	SELECT
		GET_LOCK (
			'5277929974492897470'
			,0
		)[0m
  [1m[35m (0.5ms)[0m  [1m[34m
	SELECT
		`schema_migrations`.`version`
	FROM
		`schema_migrations`
	ORDER BY
		`schema_migrations`.`version` ASC[0m
  [1m[36mActiveRecord::InternalMetadata Load (0.6ms)[0m  [1m[34m
	SELECT
		`ar_internal_metadata`. *
	FROM
		`ar_internal_metadata`
	WHERE
		`ar_internal_metadata`.`key` = 'environment' LIMIT 1[0m
  [1m[35m (0.4ms)[0m  [1m[35m
	BEGIN[0m
  [1m[35m (0.4ms)[0m  [1m[35m
	COMMIT[0m
  [1m[35m (0.4ms)[0m  [1m[34m
	SELECT
		RELEASE_LOCK ('5277929974492897470')[0m
  [1m[35m (0.5ms)[0m  [1m[34m
	SELECT
		`schema_migrations`.`version`
	FROM
		`schema_migrations`
	ORDER BY
		`schema_migrations`.`version` ASC[0m
  [1m[35m (0.6ms)[0m  [1m[34m
	SELECT
		`schema_migrations`.`version`
	FROM
		`schema_migrations`
	ORDER BY
		`schema_migrations`.`version` ASC[0m
  [1m[35m (0.7ms)[0m  [1m[35m
	SET
NAMES utf8
,@@SESSION.sql_mode = CONCAT( CONCAT( @@sql_mode ,',STRICT_ALL_TABLES' ) ,',NO_AUTO_VALUE_ON_ZERO' )
,@@SESSION.sql_auto_is_null = 0
,@@SESSION.wait_timeout = 2147483[0m
  [1m[35m (0.7ms)[0m  [1m[35m
	CREATE
	DATABASE `app_development` DEFAULT CHARACTER
SET
	`utf8`[0m
  [1m[35m (0.4ms)[0m  [1m[35m
	SET
NAMES utf8
,@@SESSION.sql_mode = CONCAT( CONCAT( @@sql_mode ,',STRICT_ALL_TABLES' ) ,',NO_AUTO_VALUE_ON_ZERO' )
,@@SESSION.sql_auto_is_null = 0
,@@SESSION.wait_timeout = 2147483[0m
  [1m[35m (0.6ms)[0m  [1m[35m
	CREATE
	DATABASE `app_test` DEFAULT CHARACTER
SET
	`utf8`[0m
  [1m[35m (0.6ms)[0m  [1m[35m
	SET
NAMES utf8
,@@SESSION.sql_mode = CONCAT( CONCAT( @@sql_mode ,',STRICT_ALL_TABLES' ) ,',NO_AUTO_VALUE_ON_ZERO' )
,@@SESSION.sql_auto_is_null = 0
,@@SESSION.wait_timeout = 2147483[0m
  [1m[35m (0.4ms)[0m  [1m[34m
	SELECT
		GET_LOCK (
			'5277929974492897470'
			,0
		)[0m
  [1m[35m (0.5ms)[0m  [1m[34m
	SELECT
		`schema_migrations`.`version`
	FROM
		`schema_migrations`
	ORDER BY
		`schema_migrations`.`version` ASC[0m
  [1m[36mActiveRecord::InternalMetadata Load (0.5ms)[0m  [1m[34m
	SELECT
		`ar_internal_metadata`. *
	FROM
		`ar_internal_metadata`
	WHERE
		`ar_internal_metadata`.`key` = 'environment' LIMIT 1[0m
  [1m[35m (0.4ms)[0m  [1m[35m
	BEGIN[0m
  [1m[35m (0.4ms)[0m  [1m[35m
	COMMIT[0m
  [1m[35m (0.4ms)[0m  [1m[34m
	SELECT
		RELEASE_LOCK ('5277929974492897470')[0m
  [1m[35m (0.6ms)[0m  [1m[34m
	SELECT
		`schema_migrations`.`version`
	FROM
		`schema_migrations`
	ORDER BY
		`schema_migrations`.`version` ASC[0m
  [1m[35m (0.8ms)[0m  [1m[34m
	SELECT
		`schema_migrations`.`version`
	FROM
		`schema_migrations`
	ORDER BY
		`schema_migrations`.`version` ASC[0m
Started GET "/" for 172.23.0.1 at 2019-08-06 23:38:56 +0000
Cannot render console from 172.23.0.1! Allowed networks: 127.0.0.1, ::1, 127.0.0.0/127.255.255.255
  [1m[35m (6.1ms)[0m  [1m[35m
	SET
NAMES utf8
,@@SESSION.sql_mode = CONCAT( CONCAT( @@sql_mode ,',STRICT_ALL_TABLES' ) ,',NO_AUTO_VALUE_ON_ZERO' )
,@@SESSION.sql_auto_is_null = 0
,@@SESSION.wait_timeout = 2147483[0m
  [1m[35m (0.7ms)[0m  [1m[34m
	SELECT
		`schema_migrations`.`version`
	FROM
		`schema_migrations`
	ORDER BY
		`schema_migrations`.`version` ASC[0m
Processing by HomeController#index as HTML
  Rendering home/index.html.erb within layouts/application
  Rendered users/_login_form.html.erb (23.0ms)
  Rendered home/index.html.erb within layouts/application (46.8ms)
  Rendered application/_header.html.erb (2.5ms)
Completed 200 OK in 4957ms (Views: 4931.7ms | ActiveRecord: 0.0ms)


Started GET "/" for 172.23.0.1 at 2019-08-06 23:39:04 +0000
Cannot render console from 172.23.0.1! Allowed networks: 127.0.0.1, ::1, 127.0.0.0/127.255.255.255
Processing by HomeController#index as HTML
  Rendering home/index.html.erb within layouts/application
  Rendered users/_login_form.html.erb (1.4ms)
  Rendered home/index.html.erb within layouts/application (16.5ms)
  Rendered application/_header.html.erb (1.4ms)
Completed 200 OK in 376ms (Views: 354.9ms | ActiveRecord: 0.0ms)


Started GET "/boards" for 172.23.0.1 at 2019-08-06 23:39:05 +0000
Cannot render console from 172.23.0.1! Allowed networks: 127.0.0.1, ::1, 127.0.0.0/127.255.255.255
Processing by BoardsController#index as HTML
  Rendering boards/index.html.erb within layouts/application
  [1m[36mTag Load (2.0ms)[0m  [1m[34m
	SELECT
		`tags`. *
	FROM
		`tags`[0m
  [1m[36mBoard Load (2.1ms)[0m  [1m[34m
	SELECT
		`boards`. *
	FROM
		`boards` LIMIT 10 OFFSET 0[0m
  Rendered boards/index.html.erb within layouts/application (72.5ms)
  Rendered application/_header.html.erb (1.0ms)
Completed 200 OK in 434ms (Views: 351.7ms | ActiveRecord: 6.2ms)


Started GET "/boards" for 172.23.0.1 at 2019-08-06 23:39:06 +0000
Cannot render console from 172.23.0.1! Allowed networks: 127.0.0.1, ::1, 127.0.0.0/127.255.255.255
Processing by BoardsController#index as HTML
  Rendering boards/index.html.erb within layouts/application
  [1m[36mTag Load (0.6ms)[0m  [1m[34m
	SELECT
		`tags`. *
	FROM
		`tags`[0m
  [1m[36mBoard Load (0.4ms)[0m  [1m[34m
	SELECT
		`boards`. *
	FROM
		`boards` LIMIT 10 OFFSET 0[0m
  Rendered boards/index.html.erb within layouts/application (31.2ms)
  Rendered application/_header.html.erb (7.9ms)
Completed 200 OK in 415ms (Views: 389.7ms | ActiveRecord: 1.0ms)


Started GET "/boards" for 172.23.0.1 at 2019-08-06 23:42:19 +0000
Cannot render console from 172.23.0.1! Allowed networks: 127.0.0.1, ::1, 127.0.0.0/127.255.255.255
Processing by BoardsController#index as HTML
  Rendering boards/index.html.erb within layouts/application
  [1m[36mTag Load (0.6ms)[0m  [1m[34m
	SELECT
		`tags`. *
	FROM
		`tags`[0m
  [1m[36mBoard Load (0.5ms)[0m  [1m[34m
	SELECT
		`boards`. *
	FROM
		`boards` LIMIT 10 OFFSET 0[0m
  Rendered boards/index.html.erb within layouts/application (29.8ms)
  Rendered application/_header.html.erb (1.0ms)
Completed 200 OK in 396ms (Views: 356.3ms | ActiveRecord: 1.1ms)


Started GET "/boards" for 172.23.0.1 at 2019-08-06 23:42:29 +0000
Cannot render console from 172.23.0.1! Allowed networks: 127.0.0.1, ::1, 127.0.0.0/127.255.255.255
Processing by BoardsController#index as HTML
  Rendering boards/index.html.erb within layouts/application
  [1m[36mTag Load (0.7ms)[0m  [1m[34m
	SELECT
		`tags`. *
	FROM
		`tags`[0m
  [1m[36mBoard Load (0.5ms)[0m  [1m[34m
	SELECT
		`boards`. *
	FROM
		`boards` LIMIT 10 OFFSET 0[0m
  Rendered boards/index.html.erb within layouts/application (31.0ms)
  Rendered application/_header.html.erb (1.1ms)
Completed 200 OK in 397ms (Views: 373.4ms | ActiveRecord: 1.2ms)


Started GET "/boards" for 172.23.0.1 at 2019-08-06 23:42:32 +0000
Cannot render console from 172.23.0.1! Allowed networks: 127.0.0.1, ::1, 127.0.0.0/127.255.255.255
Processing by BoardsController#index as HTML
  Rendering boards/index.html.erb within layouts/application
  [1m[36mTag Load (0.9ms)[0m  [1m[34m
	SELECT
		`tags`. *
	FROM
		`tags`[0m
  [1m[36mBoard Load (0.5ms)[0m  [1m[34m
	SELECT
		`boards`. *
	FROM
		`boards` LIMIT 10 OFFSET 0[0m
  Rendered boards/index.html.erb within layouts/application (27.5ms)
  Rendered application/_header.html.erb (1.3ms)
Completed 200 OK in 341ms (Views: 320.3ms | ActiveRecord: 1.3ms)


Started GET "/boards" for 172.23.0.1 at 2019-08-06 23:42:33 +0000
Cannot render console from 172.23.0.1! Allowed networks: 127.0.0.1, ::1, 127.0.0.0/127.255.255.255
Processing by BoardsController#index as HTML
  Rendering boards/index.html.erb within layouts/application
  [1m[36mTag Load (0.4ms)[0m  [1m[34m
	SELECT
		`tags`. *
	FROM
		`tags`[0m
  [1m[36mBoard Load (0.5ms)[0m  [1m[34m
	SELECT
		`boards`. *
	FROM
		`boards` LIMIT 10 OFFSET 0[0m
  Rendered boards/index.html.erb within layouts/application (26.1ms)
  Rendered application/_header.html.erb (3.0ms)
Completed 200 OK in 355ms (Views: 330.8ms | ActiveRecord: 0.9ms)


Started GET "/" for 172.23.0.1 at 2019-08-06 23:42:36 +0000
Cannot render console from 172.23.0.1! Allowed networks: 127.0.0.1, ::1, 127.0.0.0/127.255.255.255
Processing by HomeController#index as HTML
  Rendering home/index.html.erb within layouts/application
  Rendered users/_login_form.html.erb (1.2ms)
  Rendered home/index.html.erb within layouts/application (26.1ms)
  Rendered application/_header.html.erb (0.9ms)
Completed 200 OK in 316ms (Views: 293.7ms | ActiveRecord: 0.0ms)


Started GET "/" for 172.23.0.1 at 2019-08-07 06:47:15 +0000
Cannot render console from 172.23.0.1! Allowed networks: 127.0.0.1, ::1, 127.0.0.0/127.255.255.255
  [1m[35m (0.4ms)[0m  [1m[35m
	SET
NAMES utf8
,@@SESSION.sql_mode = CONCAT( CONCAT( @@sql_mode ,',STRICT_ALL_TABLES' ) ,',NO_AUTO_VALUE_ON_ZERO' )
,@@SESSION.sql_auto_is_null = 0
,@@SESSION.wait_timeout = 2147483[0m
Processing by HomeController#index as HTML
  Rendering home/index.html.erb within layouts/application
  Rendered users/_login_form.html.erb (1.4ms)
  Rendered home/index.html.erb within layouts/application (18.3ms)
  Rendered application/_header.html.erb (1.0ms)
Completed 200 OK in 409ms (Views: 389.5ms | ActiveRecord: 0.0ms)


